  Source.cpp
C:\Users\mener\OneDrive\Documents\GitHub\CppPrograms\VS\The Machine\Math\Rotate.h(4,15): warning C4244: 'return': conversion from 'double' to 'float', possible loss of data
<<<<<<< Updated upstream
C:\Users\mener\OneDrive\Documents\GitHub\CppPrograms\VS\The Machine\Headers\Collision.h(149,24): warning C4244: '=': conversion from 'double' to 'T', possible loss of data
=======
C:\Users\mener\OneDrive\Documents\GitHub\CppPrograms\VS\The Machine\Headers\Collision.h(151,25): warning C4244: '=': conversion from 'double' to 'T', possible loss of data
>>>>>>> Stashed changes
          with
          [
              T=float
          ]
<<<<<<< Updated upstream
C:\Users\mener\OneDrive\Documents\GitHub\CppPrograms\VS\The Machine\Headers\Collision.h(155,57): warning C4244: 'argument': conversion from 'int' to 'float', possible loss of data
C:\Users\mener\OneDrive\Documents\GitHub\CppPrograms\VS\The Machine\Headers\Collision.h(158,32): warning C4244: '=': conversion from 'double' to 'T', possible loss of data
=======
C:\Users\mener\OneDrive\Documents\GitHub\CppPrograms\VS\The Machine\Headers\Collision.h(160,32): warning C4244: '=': conversion from 'double' to 'T', possible loss of data
>>>>>>> Stashed changes
          with
          [
              T=float
          ]
<<<<<<< Updated upstream
C:\Users\mener\OneDrive\Documents\GitHub\CppPrograms\VS\The Machine\Headers\Collision.h(168,24): warning C4244: '=': conversion from 'double' to 'T', possible loss of data
=======
C:\Users\mener\OneDrive\Documents\GitHub\CppPrograms\VS\The Machine\Headers\Collision.h(170,24): warning C4244: '=': conversion from 'double' to 'T', possible loss of data
>>>>>>> Stashed changes
          with
          [
              T=float
          ]
<<<<<<< Updated upstream
C:\Users\mener\OneDrive\Documents\GitHub\CppPrograms\VS\The Machine\Headers\Collision.h(173,58): warning C4244: 'argument': conversion from 'int' to 'float', possible loss of data
C:\Users\mener\OneDrive\Documents\GitHub\CppPrograms\VS\The Machine\Headers\Collision.h(176,23): warning C4244: '=': conversion from 'double' to 'T', possible loss of data
=======
C:\Users\mener\OneDrive\Documents\GitHub\CppPrograms\VS\The Machine\Headers\Collision.h(179,23): warning C4244: '=': conversion from 'double' to 'T', possible loss of data
          with
          [
              T=float
          ]
C:\Users\mener\OneDrive\Documents\GitHub\CppPrograms\VS\The Machine\Headers\Sprite.h(17,37): warning C4244: 'argument': conversion from 'T' to 'int32_t', possible loss of data
          with
          [
              T=float
          ]
C:\Users\mener\OneDrive\Documents\GitHub\CppPrograms\VS\The Machine\Headers\Sprite.h(17,30): warning C4244: 'argument': conversion from 'T' to 'int32_t', possible loss of data
>>>>>>> Stashed changes
          with
          [
              T=float
          ]
  The Machine.vcxproj -> C:\Users\mener\OneDrive\Documents\GitHub\CppPrograms\VS\The Machine\Debug\The Machine.exe
