  Source.cpp
C:\Users\mener\OneDrive\Documents\GitHub\CppPrograms\VS\The Machine\Math\Rotate.h(4,15): warning C4244: 'return': conversion from 'double' to 'float', possible loss of data
C:\Users\mener\OneDrive\Documents\GitHub\CppPrograms\VS\The Machine\Headers\Collision.h(150,25): warning C4244: '=': conversion from 'double' to 'T', possible loss of data
          with
          [
              T=float
          ]
C:\Users\mener\OneDrive\Documents\GitHub\CppPrograms\VS\The Machine\Headers\Collision.h(159,32): warning C4244: '=': conversion from 'double' to 'T', possible loss of data
          with
          [
              T=float
          ]
C:\Users\mener\OneDrive\Documents\GitHub\CppPrograms\VS\The Machine\Headers\Collision.h(169,24): warning C4244: '=': conversion from 'double' to 'T', possible loss of data
          with
          [
              T=float
          ]
C:\Users\mener\OneDrive\Documents\GitHub\CppPrograms\VS\The Machine\Headers\Collision.h(178,23): warning C4244: '=': conversion from 'double' to 'T', possible loss of data
          with
          [
              T=float
          ]
C:\Users\mener\OneDrive\Documents\GitHub\CppPrograms\VS\The Machine\Headers\Sprite.h(15,37): warning C4244: 'argument': conversion from 'T' to 'int32_t', possible loss of data
          with
          [
              T=float
          ]
C:\Users\mener\OneDrive\Documents\GitHub\CppPrograms\VS\The Machine\Headers\Sprite.h(15,30): warning C4244: 'argument': conversion from 'T' to 'int32_t', possible loss of data
          with
          [
              T=float
          ]
  Generating code
  Finished generating code
  1 of 1287 functions (<0.1%) were compiled, the rest were copied from previous compilation.
    0 functions were new in current compilation
    1 functions had inline decision re-evaluated but remain unchanged
  The Machine.vcxproj -> C:\Users\mener\OneDrive\Documents\GitHub\CppPrograms\VS\The Machine\Release\The Machine.exe
